<?xml version="1.0" encoding="UTF-8"?>
<!-- Generated by org.testng.reporters.JUnitReportReporter -->
<testsuite hostname="LAPTOP-CCPJRHHI" failures="0" tests="1" name="ApplyingJobs.ApplyingJobs" time="9.293" errors="0" timestamp="2024-03-30T23:09:25 IST" skipped="0">
  <testcase classname="ApplyingJobs.ApplyingJobs" name="applyJobs" time="9.293"/>
  <system-out/>
</testsuite> <!-- ApplyingJobs.ApplyingJobs -->
